Using pre-set license
Built from '2020.3/staging' branch; Version is '2020.3.29f1 (2ff179115da0) revision 3142009'; Using compiler version '192528614'; Build Type 'Release'
OS: 'Windows 10  (10.0.19044) 64bit Enterprise' Language: 'en' Physical Memory: 32684 MB
BatchMode: 1, IsHumanControllingUs: 0, StartBugReporterOnCrash: 0, Is64bit: 1, IsPro: 0

COMMAND LINE ARGUMENTS:
C:\Program Files\Unity\Editor\Unity.exe
-adb2
-batchMode
-noUpm
-name
AssetImportWorker2
-projectPath
M:/200game/SideScroller
-logFile
Logs/AssetImportWorker2.log
-srvPort
58901
Successfully changed project path to: M:/200game/SideScroller
M:/200game/SideScroller
Using Asset Import Pipeline V2.
Refreshing native plugins compatible for Editor in 125.17 ms, found 2 plugins.
Preloading 0 native plugins for Editor in 0.00 ms.
Initialize engine version: 2020.3.29f1 (2ff179115da0)
[Subsystems] Discovering subsystems at path C:/Program Files/Unity/Editor/Data/Resources/UnitySubsystems
[Subsystems] Discovering subsystems at path M:/200game/SideScroller/Assets
GfxDevice: creating device client; threaded=0
Direct3D:
    Version:  Direct3D 11.0 [level 11.1]
    Renderer: NVIDIA GeForce RTX 3090 (ID=0x2204)
    Vendor:   
    VRAM:     24348 MB
    Driver:   31.0.15.1659
Initialize mono
Mono path[0] = 'C:/Program Files/Unity/Editor/Data/Managed'
Mono path[1] = 'C:/Program Files/Unity/Editor/Data/MonoBleedingEdge/lib/mono/unityjit'
Mono config path = 'C:/Program Files/Unity/Editor/Data/MonoBleedingEdge/etc'
Using monoOptions --debugger-agent=transport=dt_socket,embedding=1,server=y,suspend=n,address=127.0.0.1:56368
Begin MonoManager ReloadAssembly
Registering precompiled unity dll's ...
Register platform support module: C:/Program Files/Unity/Editor/Data/PlaybackEngines/MacStandaloneSupport/UnityEditor.OSXStandalone.Extensions.dll
Register platform support module: C:/Program Files/Unity/Editor/Data/PlaybackEngines/WindowsStandaloneSupport/UnityEditor.WindowsStandalone.Extensions.dll
Registered in 0.002083 seconds.
Native extension for WindowsStandalone target not found
Native extension for OSXStandalone target not found
Refreshing native plugins compatible for Editor in 35.13 ms, found 2 plugins.
Preloading 0 native plugins for Editor in 0.00 ms.
Mono: successfully reloaded assembly
- Completed reload, in  0.474 seconds
Domain Reload Profiling:
	ReloadAssembly (474ms)
		BeginReloadAssembly (52ms)
			ExecutionOrderSort (0ms)
			DisableScriptedObjects (0ms)
			BackupInstance (0ms)
			ReleaseScriptingObjects (0ms)
			CreateAndSetChildDomain (1ms)
		EndReloadAssembly (362ms)
			LoadAssemblies (50ms)
			RebuildTransferFunctionScriptingTraits (0ms)
			SetupTypeCache (117ms)
			ReleaseScriptCaches (0ms)
			RebuildScriptCaches (25ms)
			SetupLoadedEditorAssemblies (138ms)
				LogAssemblyErrors (0ms)
				InitializePlatformSupportModulesInManaged (4ms)
				SetLoadedEditorAssemblies (0ms)
				RefreshPlugins (35ms)
				BeforeProcessingInitializeOnLoad (7ms)
				ProcessInitializeOnLoadAttributes (65ms)
				ProcessInitializeOnLoadMethodAttributes (26ms)
				AfterProcessingInitializeOnLoad (0ms)
				EditorAssembliesLoaded (0ms)
			ExecutionOrderSort2 (0ms)
			AwakeInstancesAfterBackupRestoration (0ms)
Platform modules already initialized, skipping
Registering precompiled user dll's ...
Registered in 0.429553 seconds.
Begin MonoManager ReloadAssembly
Native extension for WindowsStandalone target not found
Native extension for OSXStandalone target not found
Refreshing native plugins compatible for Editor in 0.41 ms, found 2 plugins.
Preloading 0 native plugins for Editor in 0.00 ms.
Mono: successfully reloaded assembly
- Completed reload, in  3.059 seconds
Domain Reload Profiling:
	ReloadAssembly (3078ms)
		BeginReloadAssembly (125ms)
			ExecutionOrderSort (0ms)
			DisableScriptedObjects (4ms)
			BackupInstance (0ms)
			ReleaseScriptingObjects (0ms)
			CreateAndSetChildDomain (16ms)
		EndReloadAssembly (2866ms)
			LoadAssemblies (2239ms)
			RebuildTransferFunctionScriptingTraits (0ms)
			SetupTypeCache (205ms)
			ReleaseScriptCaches (0ms)
			RebuildScriptCaches (34ms)
			SetupLoadedEditorAssemblies (300ms)
				LogAssemblyErrors (0ms)
				InitializePlatformSupportModulesInManaged (4ms)
				SetLoadedEditorAssemblies (0ms)
				RefreshPlugins (0ms)
				BeforeProcessingInitializeOnLoad (60ms)
				ProcessInitializeOnLoadAttributes (215ms)
				ProcessInitializeOnLoadMethodAttributes (13ms)
				AfterProcessingInitializeOnLoad (6ms)
				EditorAssembliesLoaded (0ms)
			ExecutionOrderSort2 (0ms)
			AwakeInstancesAfterBackupRestoration (5ms)
Platform modules already initialized, skipping
========================================================================
Worker process is ready to serve import requests
Launched and connected shader compiler UnityShaderCompiler.exe after 0.07 seconds
Refreshing native plugins compatible for Editor in 0.38 ms, found 2 plugins.
Preloading 0 native plugins for Editor in 0.00 ms.
Unloading 1577 Unused Serialized files (Serialized files now loaded: 0)
System memory in use before: 71.0 MB.
System memory in use after: 71.0 MB.

Unloading 20 unused Assets to reduce memory usage. Loaded Objects now: 2016.
Total: 2.489800 ms (FindLiveObjects: 0.136200 ms CreateObjectMapping: 0.035300 ms MarkObjects: 2.268200 ms  DeleteObjects: 0.049500 ms)

AssetImportParameters requested are different than current active one (requested -> active):
  custom:framework-win-MediaFoundation: 216162199b28c13a410421893ffa2e32 -> 
  custom:video-decoder-ogg-theora: a1e56fd34408186e4bbccfd4996cb3dc -> 
  custom:container-muxer-webm: aa71ff27fc2769a1b78a27578f13a17b -> 
  custom:container-demuxer-webm: 4f35f7cbe854078d1ac9338744f61a02 -> 
  custom:container-demuxer-ogg: 62fdf1f143b41e24485cea50d1cbac27 -> 
  custom:video-encoder-webm-vp8: eb34c28f22e8b96e1ab97ce403110664 -> 
  custom:video-decoder-webm-vp8: 9c59270c3fd7afecdb556c50c9e8de78 -> 
  custom:audio-decoder-ogg-vorbis: bf7c407c2cedff20999df2af8eb42d56 -> 
  custom:audio-encoder-webm-vorbis: bf7c407c2cedff20999df2af8eb42d56 -> 
========================================================================
Received Import Request.
  path: Assets/Sprites/Kings and Pigs/Sprites/icons
  artifactKey: Guid(027a4caa392aed843a98a926d78a870f) Importer(815301076,1909f56bfc062723c751e8b465ee728b)
Start importing Assets/Sprites/Kings and Pigs/Sprites/icons using Guid(027a4caa392aed843a98a926d78a870f) Importer(815301076,1909f56bfc062723c751e8b465ee728b)  -> (artifact id: '455453b10b8cf730ca4766a404721c14') in 0.069988 seconds 
  Import took 0.072197 seconds .

========================================================================
Received Import Request.
  Time since last request: 249.616870 seconds.
  path: Assets/Sprites/Kings and Pigs/Sprites/icons/Heart01.png
  artifactKey: Guid(0f17328803dbfc2478b1bd5f53a9d835) Importer(815301076,1909f56bfc062723c751e8b465ee728b)
Start importing Assets/Sprites/Kings and Pigs/Sprites/icons/Heart01.png using Guid(0f17328803dbfc2478b1bd5f53a9d835) Importer(815301076,1909f56bfc062723c751e8b465ee728b)  -> (artifact id: 'e70038bba2e8e5023025febb8512470f') in 0.123956 seconds 
  Import took 0.126413 seconds .

========================================================================
Received Prepare
Registering precompiled user dll's ...
Registered in 0.070816 seconds.
Begin MonoManager ReloadAssembly
Native extension for WindowsStandalone target not found
Native extension for OSXStandalone target not found
Refreshing native plugins compatible for Editor in 0.41 ms, found 2 plugins.
Preloading 0 native plugins for Editor in 0.00 ms.
Mono: successfully reloaded assembly
- Completed reload, in  2.734 seconds
Domain Reload Profiling:
	ReloadAssembly (2734ms)
		BeginReloadAssembly (116ms)
			ExecutionOrderSort (0ms)
			DisableScriptedObjects (5ms)
			BackupInstance (0ms)
			ReleaseScriptingObjects (0ms)
			CreateAndSetChildDomain (26ms)
		EndReloadAssembly (2566ms)
			LoadAssemblies (2034ms)
			RebuildTransferFunctionScriptingTraits (0ms)
			SetupTypeCache (203ms)
			ReleaseScriptCaches (1ms)
			RebuildScriptCaches (30ms)
			SetupLoadedEditorAssemblies (225ms)
				LogAssemblyErrors (0ms)
				InitializePlatformSupportModulesInManaged (4ms)
				SetLoadedEditorAssemblies (0ms)
				RefreshPlugins (0ms)
				BeforeProcessingInitializeOnLoad (53ms)
				ProcessInitializeOnLoadAttributes (150ms)
				ProcessInitializeOnLoadMethodAttributes (9ms)
				AfterProcessingInitializeOnLoad (7ms)
				EditorAssembliesLoaded (0ms)
			ExecutionOrderSort2 (0ms)
			AwakeInstancesAfterBackupRestoration (5ms)
Platform modules already initialized, skipping
Refreshing native plugins compatible for Editor in 0.41 ms, found 2 plugins.
Preloading 0 native plugins for Editor in 0.00 ms.
Unloading 1572 Unused Serialized files (Serialized files now loaded: 0)
System memory in use before: 70.8 MB.
System memory in use after: 71.0 MB.

Unloading 11 unused Assets to reduce memory usage. Loaded Objects now: 2021.
Total: 2.658700 ms (FindLiveObjects: 0.118900 ms CreateObjectMapping: 0.033700 ms MarkObjects: 2.485400 ms  DeleteObjects: 0.019900 ms)

AssetImportParameters requested are different than current active one (requested -> active):
  custom:framework-win-MediaFoundation: 216162199b28c13a410421893ffa2e32 -> 
  custom:video-decoder-ogg-theora: a1e56fd34408186e4bbccfd4996cb3dc -> 
  custom:container-muxer-webm: aa71ff27fc2769a1b78a27578f13a17b -> 
  custom:container-demuxer-webm: 4f35f7cbe854078d1ac9338744f61a02 -> 
  custom:container-demuxer-ogg: 62fdf1f143b41e24485cea50d1cbac27 -> 
  custom:video-encoder-webm-vp8: eb34c28f22e8b96e1ab97ce403110664 -> 
  custom:video-decoder-webm-vp8: 9c59270c3fd7afecdb556c50c9e8de78 -> 
  custom:audio-decoder-ogg-vorbis: bf7c407c2cedff20999df2af8eb42d56 -> 
  custom:audio-encoder-webm-vorbis: bf7c407c2cedff20999df2af8eb42d56 -> 
========================================================================
Received Import Request.
  Time since last request: 282.735662 seconds.
  path: Assets/scripts/Health.cs
  artifactKey: Guid(cf0114e4cc130984984864e198a486a5) Importer(815301076,1909f56bfc062723c751e8b465ee728b)
Start importing Assets/scripts/Health.cs using Guid(cf0114e4cc130984984864e198a486a5) Importer(815301076,1909f56bfc062723c751e8b465ee728b)  -> (artifact id: '7232857cd25f3673cb0635cf57083d96') in 0.059283 seconds 
  Import took 0.067916 seconds .

========================================================================
Received Import Request.
  Time since last request: 850.643456 seconds.
  path: Assets/scripts/Health.cs
  artifactKey: Guid(cf0114e4cc130984984864e198a486a5) Importer(815301076,1909f56bfc062723c751e8b465ee728b)
Start importing Assets/scripts/Health.cs using Guid(cf0114e4cc130984984864e198a486a5) Importer(815301076,1909f56bfc062723c751e8b465ee728b)  -> (artifact id: 'fbc17df8bb923692d7c6f0018f5abcc9') in 0.022720 seconds 
  Import took 0.025225 seconds .

========================================================================
Received Import Request.
  Time since last request: 53.689192 seconds.
  path: Assets/scripts/Health.cs
  artifactKey: Guid(cf0114e4cc130984984864e198a486a5) Importer(815301076,1909f56bfc062723c751e8b465ee728b)
Start importing Assets/scripts/Health.cs using Guid(cf0114e4cc130984984864e198a486a5) Importer(815301076,1909f56bfc062723c751e8b465ee728b)  -> (artifact id: '55240598a423e0e6f6be3212aae335f2') in 0.021809 seconds 
  Import took 0.024087 seconds .

========================================================================
Received Import Request.
  Time since last request: 102.817419 seconds.
  path: Assets/scripts/Health.cs
  artifactKey: Guid(cf0114e4cc130984984864e198a486a5) Importer(815301076,1909f56bfc062723c751e8b465ee728b)
Start importing Assets/scripts/Health.cs using Guid(cf0114e4cc130984984864e198a486a5) Importer(815301076,1909f56bfc062723c751e8b465ee728b)  -> (artifact id: '504cd6522d113027463b478f022a0996') in 0.023208 seconds 
  Import took 0.025612 seconds .

========================================================================
Received Import Request.
  Time since last request: 43.830693 seconds.
  path: Assets/scripts/Health.cs
  artifactKey: Guid(cf0114e4cc130984984864e198a486a5) Importer(815301076,1909f56bfc062723c751e8b465ee728b)
Start importing Assets/scripts/Health.cs using Guid(cf0114e4cc130984984864e198a486a5) Importer(815301076,1909f56bfc062723c751e8b465ee728b)  -> (artifact id: 'de693a9d103a801c55980deab5e5add1') in 0.029305 seconds 
  Import took 0.031532 seconds .

========================================================================
Received Prepare
Registering precompiled user dll's ...
Registered in 0.044917 seconds.
Begin MonoManager ReloadAssembly
Native extension for WindowsStandalone target not found
Native extension for OSXStandalone target not found
Refreshing native plugins compatible for Editor in 0.38 ms, found 2 plugins.
Preloading 0 native plugins for Editor in 0.00 ms.
Mono: successfully reloaded assembly
- Completed reload, in  2.676 seconds
Domain Reload Profiling:
	ReloadAssembly (2676ms)
		BeginReloadAssembly (120ms)
			ExecutionOrderSort (0ms)
			DisableScriptedObjects (5ms)
			BackupInstance (0ms)
			ReleaseScriptingObjects (0ms)
			CreateAndSetChildDomain (25ms)
		EndReloadAssembly (2502ms)
			LoadAssemblies (1955ms)
			RebuildTransferFunctionScriptingTraits (0ms)
			SetupTypeCache (219ms)
			ReleaseScriptCaches (1ms)
			RebuildScriptCaches (31ms)
			SetupLoadedEditorAssemblies (225ms)
				LogAssemblyErrors (0ms)
				InitializePlatformSupportModulesInManaged (4ms)
				SetLoadedEditorAssemblies (0ms)
				RefreshPlugins (0ms)
				BeforeProcessingInitializeOnLoad (54ms)
				ProcessInitializeOnLoadAttributes (151ms)
				ProcessInitializeOnLoadMethodAttributes (9ms)
				AfterProcessingInitializeOnLoad (6ms)
				EditorAssembliesLoaded (0ms)
			ExecutionOrderSort2 (0ms)
			AwakeInstancesAfterBackupRestoration (5ms)
Platform modules already initialized, skipping
Refreshing native plugins compatible for Editor in 0.39 ms, found 2 plugins.
Preloading 0 native plugins for Editor in 0.00 ms.
Unloading 1572 Unused Serialized files (Serialized files now loaded: 0)
System memory in use before: 70.9 MB.
System memory in use after: 71.0 MB.

Unloading 11 unused Assets to reduce memory usage. Loaded Objects now: 2023.
Total: 2.462000 ms (FindLiveObjects: 0.124100 ms CreateObjectMapping: 0.034600 ms MarkObjects: 2.285400 ms  DeleteObjects: 0.016700 ms)

AssetImportParameters requested are different than current active one (requested -> active):
  custom:framework-win-MediaFoundation: 216162199b28c13a410421893ffa2e32 -> 
  custom:video-decoder-ogg-theora: a1e56fd34408186e4bbccfd4996cb3dc -> 
  custom:container-muxer-webm: aa71ff27fc2769a1b78a27578f13a17b -> 
  custom:container-demuxer-webm: 4f35f7cbe854078d1ac9338744f61a02 -> 
  custom:container-demuxer-ogg: 62fdf1f143b41e24485cea50d1cbac27 -> 
  custom:video-encoder-webm-vp8: eb34c28f22e8b96e1ab97ce403110664 -> 
  custom:video-decoder-webm-vp8: 9c59270c3fd7afecdb556c50c9e8de78 -> 
  custom:audio-decoder-ogg-vorbis: bf7c407c2cedff20999df2af8eb42d56 -> 
  custom:audio-encoder-webm-vorbis: bf7c407c2cedff20999df2af8eb42d56 -> 
========================================================================
Received Import Request.
  Time since last request: 150.260851 seconds.
  path: Assets/Sprites/Kings and Pigs/Sprites/icons/Heart01Empty.png
  artifactKey: Guid(dd91daf3af9c06c4d8a15156ff46278d) Importer(815301076,1909f56bfc062723c751e8b465ee728b)
Start importing Assets/Sprites/Kings and Pigs/Sprites/icons/Heart01Empty.png using Guid(dd91daf3af9c06c4d8a15156ff46278d) Importer(815301076,1909f56bfc062723c751e8b465ee728b)  -> (artifact id: '21a672f6972b4cf8ceada525f4eb1093') in 0.094089 seconds 
  Import took 0.107863 seconds .

========================================================================
Received Import Request.
  Time since last request: 5.004276 seconds.
  path: Assets/Sprites/Kings and Pigs/Sprites/icons/Heart01Empty.png
  artifactKey: Guid(dd91daf3af9c06c4d8a15156ff46278d) Importer(815301076,1909f56bfc062723c751e8b465ee728b)
Start importing Assets/Sprites/Kings and Pigs/Sprites/icons/Heart01Empty.png using Guid(dd91daf3af9c06c4d8a15156ff46278d) Importer(815301076,1909f56bfc062723c751e8b465ee728b)  -> (artifact id: '266afad5848a4bee62d70138d0f2d92e') in 0.032666 seconds 
  Import took 0.044537 seconds .

========================================================================
Received Import Request.
  Time since last request: 1.500752 seconds.
  path: Assets/Sprites/Kings and Pigs/Sprites/icons/Heart01.png
  artifactKey: Guid(0f17328803dbfc2478b1bd5f53a9d835) Importer(815301076,1909f56bfc062723c751e8b465ee728b)
Start importing Assets/Sprites/Kings and Pigs/Sprites/icons/Heart01.png using Guid(0f17328803dbfc2478b1bd5f53a9d835) Importer(815301076,1909f56bfc062723c751e8b465ee728b)  -> (artifact id: '263823d5bb2a6c5609ece3adc2b0d29c') in 0.041217 seconds 
  Import took 0.043662 seconds .

========================================================================
Received Import Request.
  Time since last request: 666.634007 seconds.
  path: Assets/scripts/PlayerHealth.cs
  artifactKey: Guid(da40d0645887af5478a09cc6fe25c2b3) Importer(815301076,1909f56bfc062723c751e8b465ee728b)
Start importing Assets/scripts/PlayerHealth.cs using Guid(da40d0645887af5478a09cc6fe25c2b3) Importer(815301076,1909f56bfc062723c751e8b465ee728b)  -> (artifact id: '047a25d1a75beadab883a2cd2d9f6c60') in 0.052598 seconds 
  Import took 0.069753 seconds .

========================================================================
Received Prepare
Registering precompiled user dll's ...
Registered in 0.058340 seconds.
Begin MonoManager ReloadAssembly
Native extension for WindowsStandalone target not found
Native extension for OSXStandalone target not found
Refreshing native plugins compatible for Editor in 0.39 ms, found 2 plugins.
Preloading 0 native plugins for Editor in 0.00 ms.
Mono: successfully reloaded assembly
- Completed reload, in  2.615 seconds
Domain Reload Profiling:
	ReloadAssembly (2615ms)
		BeginReloadAssembly (113ms)
			ExecutionOrderSort (0ms)
			DisableScriptedObjects (4ms)
			BackupInstance (0ms)
			ReleaseScriptingObjects (0ms)
			CreateAndSetChildDomain (24ms)
		EndReloadAssembly (2449ms)
			LoadAssemblies (1916ms)
			RebuildTransferFunctionScriptingTraits (0ms)
			SetupTypeCache (199ms)
			ReleaseScriptCaches (1ms)
			RebuildScriptCaches (31ms)
			SetupLoadedEditorAssemblies (226ms)
				LogAssemblyErrors (0ms)
				InitializePlatformSupportModulesInManaged (4ms)
				SetLoadedEditorAssemblies (0ms)
				RefreshPlugins (0ms)
				BeforeProcessingInitializeOnLoad (54ms)
				ProcessInitializeOnLoadAttributes (150ms)
				ProcessInitializeOnLoadMethodAttributes (10ms)
				AfterProcessingInitializeOnLoad (7ms)
				EditorAssembliesLoaded (0ms)
			ExecutionOrderSort2 (0ms)
			AwakeInstancesAfterBackupRestoration (6ms)
Platform modules already initialized, skipping
Refreshing native plugins compatible for Editor in 0.42 ms, found 2 plugins.
Preloading 0 native plugins for Editor in 0.00 ms.
Unloading 1573 Unused Serialized files (Serialized files now loaded: 0)
System memory in use before: 70.9 MB.
System memory in use after: 71.0 MB.

Unloading 11 unused Assets to reduce memory usage. Loaded Objects now: 2026.
Total: 2.414100 ms (FindLiveObjects: 0.120300 ms CreateObjectMapping: 0.033100 ms MarkObjects: 2.237700 ms  DeleteObjects: 0.022300 ms)

AssetImportParameters requested are different than current active one (requested -> active):
  custom:framework-win-MediaFoundation: 216162199b28c13a410421893ffa2e32 -> 
  custom:video-decoder-ogg-theora: a1e56fd34408186e4bbccfd4996cb3dc -> 
  custom:container-muxer-webm: aa71ff27fc2769a1b78a27578f13a17b -> 
  custom:container-demuxer-webm: 4f35f7cbe854078d1ac9338744f61a02 -> 
  custom:container-demuxer-ogg: 62fdf1f143b41e24485cea50d1cbac27 -> 
  custom:video-encoder-webm-vp8: eb34c28f22e8b96e1ab97ce403110664 -> 
  custom:video-decoder-webm-vp8: 9c59270c3fd7afecdb556c50c9e8de78 -> 
  custom:audio-decoder-ogg-vorbis: bf7c407c2cedff20999df2af8eb42d56 -> 
  custom:audio-encoder-webm-vorbis: bf7c407c2cedff20999df2af8eb42d56 -> 
========================================================================
Received Import Request.
  Time since last request: 469.806716 seconds.
  path: Assets/scripts/Health.cs
  artifactKey: Guid(cf0114e4cc130984984864e198a486a5) Importer(815301076,1909f56bfc062723c751e8b465ee728b)
Start importing Assets/scripts/Health.cs using Guid(cf0114e4cc130984984864e198a486a5) Importer(815301076,1909f56bfc062723c751e8b465ee728b)  -> (artifact id: '65d9f30ed99a8c5c1f949ee2d0c0828f') in 0.028820 seconds 
  Import took 0.031182 seconds .

========================================================================
Received Import Request.
  Time since last request: 0.757264 seconds.
  path: Assets/scripts/PlayerHealth.cs
  artifactKey: Guid(da40d0645887af5478a09cc6fe25c2b3) Importer(815301076,1909f56bfc062723c751e8b465ee728b)
Start importing Assets/scripts/PlayerHealth.cs using Guid(da40d0645887af5478a09cc6fe25c2b3) Importer(815301076,1909f56bfc062723c751e8b465ee728b)  -> (artifact id: '8ce10f247e08685723928dd85463e968') in 0.035847 seconds 
  Import took 0.038069 seconds .

========================================================================
Received Import Request.
  Time since last request: 81.123311 seconds.
  path: Assets/scripts/PlayerHealth.cs
  artifactKey: Guid(da40d0645887af5478a09cc6fe25c2b3) Importer(815301076,1909f56bfc062723c751e8b465ee728b)
Start importing Assets/scripts/PlayerHealth.cs using Guid(da40d0645887af5478a09cc6fe25c2b3) Importer(815301076,1909f56bfc062723c751e8b465ee728b)  -> (artifact id: 'aa2d1e77a908d4d5177aa13a0339fae5') in 0.022951 seconds 
  Import took 0.030705 seconds .

========================================================================
Received Import Request.
  Time since last request: 85.200821 seconds.
  path: Assets/scripts/PlayerHealth.cs
  artifactKey: Guid(da40d0645887af5478a09cc6fe25c2b3) Importer(815301076,1909f56bfc062723c751e8b465ee728b)
Start importing Assets/scripts/PlayerHealth.cs using Guid(da40d0645887af5478a09cc6fe25c2b3) Importer(815301076,1909f56bfc062723c751e8b465ee728b)  -> (artifact id: 'efd1738ca68f0143ebe11724a82799f6') in 0.022326 seconds 
  Import took 0.024692 seconds .

========================================================================
Received Import Request.
  Time since last request: 19.215946 seconds.
  path: Assets/scripts/DamageCollision.cs
  artifactKey: Guid(9cb7f36403f73f04ba89ee827b760562) Importer(815301076,1909f56bfc062723c751e8b465ee728b)
Start importing Assets/scripts/DamageCollision.cs using Guid(9cb7f36403f73f04ba89ee827b760562) Importer(815301076,1909f56bfc062723c751e8b465ee728b)  -> (artifact id: '87d1ead8632285d9117275c74d949fd7') in 0.053919 seconds 
  Import took 0.056266 seconds .

========================================================================
Received Import Request.
  Time since last request: 134.719291 seconds.
  path: Assets/scripts/DamageCollision.cs
  artifactKey: Guid(9cb7f36403f73f04ba89ee827b760562) Importer(815301076,1909f56bfc062723c751e8b465ee728b)
Start importing Assets/scripts/DamageCollision.cs using Guid(9cb7f36403f73f04ba89ee827b760562) Importer(815301076,1909f56bfc062723c751e8b465ee728b)  -> (artifact id: 'a2b49d60d1741bdb6f0bbba176b26558') in 0.024307 seconds 
  Import took 0.026549 seconds .

========================================================================
Received Import Request.
  Time since last request: 226.339724 seconds.
  path: Assets/scripts/DamageCollision.cs
  artifactKey: Guid(9cb7f36403f73f04ba89ee827b760562) Importer(815301076,1909f56bfc062723c751e8b465ee728b)
Start importing Assets/scripts/DamageCollision.cs using Guid(9cb7f36403f73f04ba89ee827b760562) Importer(815301076,1909f56bfc062723c751e8b465ee728b)  -> (artifact id: '530cddebb0926cf31ecf892a3291583d') in 0.028268 seconds 
  Import took 0.030499 seconds .

========================================================================
Received Import Request.
  Time since last request: 18.199925 seconds.
  path: Assets/scripts/DamageCollision.cs
  artifactKey: Guid(9cb7f36403f73f04ba89ee827b760562) Importer(815301076,1909f56bfc062723c751e8b465ee728b)
Start importing Assets/scripts/DamageCollision.cs using Guid(9cb7f36403f73f04ba89ee827b760562) Importer(815301076,1909f56bfc062723c751e8b465ee728b)  -> (artifact id: 'b382ce5e9870d482b5775f8d5f20f4b4') in 0.027573 seconds 
  Import took 0.029823 seconds .

AssetImportWorkerClient::OnTransportError - code=2 error=End of file
